                                      1 ;--------------------------------------------------------
                                      2 ; File Created by SDCC : free open source ANSI-C Compiler
                                      3 ; Version 4.1.0 #12072 (MINGW32)
                                      4 ;--------------------------------------------------------
                                      5 	.module demo
                                      6 	.optsdcc -mgbz80
                                      7 	
                                      8 ;--------------------------------------------------------
                                      9 ; Public variables in this module
                                     10 ;--------------------------------------------------------
                                     11 	.globl _main
                                     12 	.globl b_Scene_SquaresZoom
                                     13 	.globl _Scene_SquaresZoom
                                     14 	.globl _play_music
                                     15 ;--------------------------------------------------------
                                     16 ; special function registers
                                     17 ;--------------------------------------------------------
                                     18 ;--------------------------------------------------------
                                     19 ; ram data
                                     20 ;--------------------------------------------------------
                                     21 	.area _DATA
                                     22 ;--------------------------------------------------------
                                     23 ; absolute external ram data
                                     24 ;--------------------------------------------------------
                                     25 	.area _DABS (ABS)
                                     26 ;--------------------------------------------------------
                                     27 ; global & static initialisations
                                     28 ;--------------------------------------------------------
                                     29 	.area _HOME
                                     30 	.area _GSINIT
                                     31 	.area _GSFINAL
                                     32 	.area _GSINIT
                                     33 ;--------------------------------------------------------
                                     34 ; Home
                                     35 ;--------------------------------------------------------
                                     36 	.area _HOME
                                     37 	.area _HOME
                                     38 ;--------------------------------------------------------
                                     39 ; code
                                     40 ;--------------------------------------------------------
                                     41 	.area _CODE
                                     42 ;src\demo.c:23: void main()
                                     43 ;	---------------------------------
                                     44 ; Function main
                                     45 ; ---------------------------------
      000000                         46 _main::
                                     47 ;src\demo.c:25: LCDC_REG = 0xD1;
      000000 3E D1                   48 	ld	a, #0xd1
      000002 E0r00                   49 	ldh	(_LCDC_REG+0),a
                                     50 ;src\demo.c:26: NR52_REG = 0x80;
      000004 3E 80                   51 	ld	a, #0x80
      000006 E0r00                   52 	ldh	(_NR52_REG+0),a
                                     53 ;src\demo.c:27: NR51_REG = 0xFF;
      000008 3E FF                   54 	ld	a, #0xff
      00000A E0r00                   55 	ldh	(_NR51_REG+0),a
                                     56 ;src\demo.c:28: NR50_REG = 0x77;
      00000C 3E 77                   57 	ld	a, #0x77
      00000E E0r00                   58 	ldh	(_NR50_REG+0),a
                                     59 ;src\demo.c:34: play_music(&part1_music, (UINT8)&__bank_part1_music);
      000010 06r00                   60 	ld	b, #<(___bank_part1_music)
      000012 C5                      61 	push	bc
      000013 33                      62 	inc	sp
      000014 21r00r00                63 	ld	hl, #_part1_music
      000017 E5                      64 	push	hl
      000018 CDr00r00                65 	call	_play_music
      00001B E8 03                   66 	add	sp, #3
                                     67 ;src\demo.c:48: SWITCH_ROM_MBC1((UINT8)&__bank_squares_zoom);
      00001D 3Er00                   68 	ld	a, #<(___bank_squares_zoom)
      00001F E0r00                   69 	ldh	(__current_bank+0),a
      000021 3Er00                   70 	ld	a, #<(___bank_squares_zoom)
      000023 EA 00 20                71 	ld	(#0x2000),a
                                     72 ;src\demo.c:49: Scene_SquaresZoom();
      000026 1Er00                   73 	ld	e, #b_Scene_SquaresZoom
      000028 21r00r00                74 	ld	hl, #_Scene_SquaresZoom
                                     75 ;src\demo.c:52: }
      00002B C3r00r00                76 	jp  ___sdcc_bcall_ehl
                                     77 	.area _CODE
                                     78 	.area _CABS (ABS)
