                                      1 ;--------------------------------------------------------
                                      2 ; File Created by SDCC : free open source ANSI-C Compiler
                                      3 ; Version 4.1.0 #12072 (MINGW32)
                                      4 ;--------------------------------------------------------
                                      5 	.module colorbar
                                      6 	.optsdcc -mgbz80
                                      7 	
                                      8 ;--------------------------------------------------------
                                      9 ; Public variables in this module
                                     10 ;--------------------------------------------------------
                                     11 	.globl _main
                                     12 	.globl _set_bkg_tiles
                                     13 	.globl _set_bkg_data
                                     14 	.globl _enable_interrupts
                                     15 	.globl _set_bkg_palette
                                     16 	.globl _bar_a
                                     17 	.globl _bar_p
                                     18 	.globl _bar_m
                                     19 	.globl _bar_c
                                     20 	.globl _bar_cCGB
                                     21 ;--------------------------------------------------------
                                     22 ; special function registers
                                     23 ;--------------------------------------------------------
                                     24 ;--------------------------------------------------------
                                     25 ; ram data
                                     26 ;--------------------------------------------------------
                                     27 	.area _DATA
                                     28 ;--------------------------------------------------------
                                     29 ; absolute external ram data
                                     30 ;--------------------------------------------------------
                                     31 	.area _DABS (ABS)
                                     32 ;--------------------------------------------------------
                                     33 ; global & static initialisations
                                     34 ;--------------------------------------------------------
                                     35 	.area _HOME
                                     36 	.area _GSINIT
                                     37 	.area _GSFINAL
                                     38 	.area _GSINIT
                                     39 ;--------------------------------------------------------
                                     40 ; Home
                                     41 ;--------------------------------------------------------
                                     42 	.area _HOME
                                     43 	.area _HOME
                                     44 ;--------------------------------------------------------
                                     45 ; code
                                     46 ;--------------------------------------------------------
                                     47 	.area _CODE
                                     48 ;colorbar.c:41: int main(void)
                                     49 ;	---------------------------------
                                     50 ; Function main
                                     51 ; ---------------------------------
      000000                         52 _main::
                                     53 ;colorbar.c:44: set_bkg_palette( 7, 1, &bar_p[0] );
      000000 21r44r04                54 	ld	hl, #_bar_p
      000003 E5                      55 	push	hl
      000004 11 07 01                56 	ld	de, #0x0107
      000007 D5                      57 	push	de
      000008 CDr00r00                58 	call	_set_bkg_palette
      00000B E8 04                   59 	add	sp, #4
                                     60 ;colorbar.c:45: set_bkg_palette( 6, 1, &bar_p[4] );
      00000D 21r4Cr04                61 	ld	hl, #(_bar_p + 0x0008)
      000010 E5                      62 	push	hl
      000011 11 06 01                63 	ld	de, #0x0106
      000014 D5                      64 	push	de
      000015 CDr00r00                65 	call	_set_bkg_palette
      000018 E8 04                   66 	add	sp, #4
                                     67 ;colorbar.c:46: set_bkg_palette( 5, 1, &bar_p[8] );
      00001A 21r54r04                68 	ld	hl, #(_bar_p + 0x0010)
      00001D E5                      69 	push	hl
      00001E 11 05 01                70 	ld	de, #0x0105
      000021 D5                      71 	push	de
      000022 CDr00r00                72 	call	_set_bkg_palette
      000025 E8 04                   73 	add	sp, #4
                                     74 ;colorbar.c:47: set_bkg_palette( 4, 1, &bar_p[12] );
      000027 21r5Cr04                75 	ld	hl, #(_bar_p + 0x0018)
      00002A E5                      76 	push	hl
      00002B 11 04 01                77 	ld	de, #0x0104
      00002E D5                      78 	push	de
      00002F CDr00r00                79 	call	_set_bkg_palette
      000032 E8 04                   80 	add	sp, #4
                                     81 ;colorbar.c:48: set_bkg_palette( 3, 1, &bar_p[16] );
      000034 21r64r04                82 	ld	hl, #(_bar_p + 0x0020)
      000037 E5                      83 	push	hl
      000038 11 03 01                84 	ld	de, #0x0103
      00003B D5                      85 	push	de
      00003C CDr00r00                86 	call	_set_bkg_palette
      00003F E8 04                   87 	add	sp, #4
                                     88 ;colorbar.c:49: set_bkg_palette( 2, 1, &bar_p[20] );
      000041 21r6Cr04                89 	ld	hl, #(_bar_p + 0x0028)
      000044 E5                      90 	push	hl
      000045 11 02 01                91 	ld	de, #0x0102
      000048 D5                      92 	push	de
      000049 CDr00r00                93 	call	_set_bkg_palette
      00004C E8 04                   94 	add	sp, #4
                                     95 ;colorbar.c:50: set_bkg_palette( 1, 1, &bar_p[24] );
      00004E 21r74r04                96 	ld	hl, #(_bar_p + 0x0030)
      000051 E5                      97 	push	hl
      000052 11 01 01                98 	ld	de, #0x0101
      000055 D5                      99 	push	de
      000056 CDr00r00               100 	call	_set_bkg_palette
      000059 E8 04                  101 	add	sp, #4
                                    102 ;colorbar.c:51: set_bkg_palette( 0, 1, &bar_p[28] );
      00005B 21r7Cr04               103 	ld	hl, #(_bar_p + 0x0038)
      00005E E5                     104 	push	hl
      00005F 3E 01                  105 	ld	a, #0x01
      000061 F5                     106 	push	af
      000062 33                     107 	inc	sp
      000063 AF                     108 	xor	a, a
      000064 F5                     109 	push	af
      000065 33                     110 	inc	sp
      000066 CDr00r00               111 	call	_set_bkg_palette
      000069 E8 04                  112 	add	sp, #4
                                    113 ;colorbar.c:54: set_bkg_data( 0x0, 32, bar_c );
      00006B 21rDCr00               114 	ld	hl, #_bar_c
      00006E E5                     115 	push	hl
      00006F 3E 20                  116 	ld	a, #0x20
      000071 F5                     117 	push	af
      000072 33                     118 	inc	sp
      000073 AF                     119 	xor	a, a
      000074 F5                     120 	push	af
      000075 33                     121 	inc	sp
      000076 CDr00r00               122 	call	_set_bkg_data
      000079 E8 04                  123 	add	sp, #4
                                    124 ;colorbar.c:57: VBK_REG = 1;
      00007B 3E 01                  125 	ld	a, #0x01
      00007D E0r00                  126 	ldh	(_VBK_REG+0),a
                                    127 ;colorbar.c:59: set_bkg_tiles( 0, 0, bar_mWidth, bar_mHeight, bar_a );
      00007F 21r84r04               128 	ld	hl, #_bar_a
      000082 E5                     129 	push	hl
      000083 11 14 12               130 	ld	de, #0x1214
      000086 D5                     131 	push	de
      000087 AF                     132 	xor	a, a
      000088 F5                     133 	push	af
      000089 33                     134 	inc	sp
      00008A AF                     135 	xor	a, a
      00008B F5                     136 	push	af
      00008C 33                     137 	inc	sp
      00008D CDr00r00               138 	call	_set_bkg_tiles
      000090 E8 06                  139 	add	sp, #6
                                    140 ;colorbar.c:62: VBK_REG = 0;
      000092 3E 00                  141 	ld	a, #0x00
      000094 E0r00                  142 	ldh	(_VBK_REG+0),a
                                    143 ;colorbar.c:64: set_bkg_tiles( 0, 0, bar_mWidth, bar_mHeight, bar_m );
      000096 21rDCr02               144 	ld	hl, #_bar_m
      000099 E5                     145 	push	hl
      00009A 11 14 12               146 	ld	de, #0x1214
      00009D D5                     147 	push	de
      00009E AF                     148 	xor	a, a
      00009F F5                     149 	push	af
      0000A0 33                     150 	inc	sp
      0000A1 AF                     151 	xor	a, a
      0000A2 F5                     152 	push	af
      0000A3 33                     153 	inc	sp
      0000A4 CDr00r00               154 	call	_set_bkg_tiles
      0000A7 E8 06                  155 	add	sp, #6
                                    156 ;colorbar.c:66: SHOW_BKG;
      0000A9 F0r00                  157 	ldh	a, (_LCDC_REG+0)
      0000AB F6 01                  158 	or	a, #0x01
      0000AD E0r00                  159 	ldh	(_LCDC_REG+0),a
                                    160 ;colorbar.c:67: enable_interrupts();
      0000AF CDr00r00               161 	call	_enable_interrupts
                                    162 ;colorbar.c:68: DISPLAY_ON;
      0000B2 F0r00                  163 	ldh	a, (_LCDC_REG+0)
      0000B4 F6 80                  164 	or	a, #0x80
      0000B6 E0r00                  165 	ldh	(_LCDC_REG+0),a
                                    166 ;colorbar.c:70: return 0;
      0000B8 11 00 00               167 	ld	de, #0x0000
                                    168 ;colorbar.c:71: }
      0000BB C9                     169 	ret
      0000BC                        170 _bar_cCGB:
      0000BC 00                     171 	.db #0x00	; 0
      0000BD 00                     172 	.db #0x00	; 0
      0000BE 00                     173 	.db #0x00	; 0
      0000BF 00                     174 	.db #0x00	; 0
      0000C0 01                     175 	.db #0x01	; 1
      0000C1 01                     176 	.db #0x01	; 1
      0000C2 01                     177 	.db #0x01	; 1
      0000C3 01                     178 	.db #0x01	; 1
      0000C4 02                     179 	.db #0x02	; 2
      0000C5 02                     180 	.db #0x02	; 2
      0000C6 02                     181 	.db #0x02	; 2
      0000C7 02                     182 	.db #0x02	; 2
      0000C8 03                     183 	.db #0x03	; 3
      0000C9 03                     184 	.db #0x03	; 3
      0000CA 03                     185 	.db #0x03	; 3
      0000CB 03                     186 	.db #0x03	; 3
      0000CC 04                     187 	.db #0x04	; 4
      0000CD 04                     188 	.db #0x04	; 4
      0000CE 04                     189 	.db #0x04	; 4
      0000CF 04                     190 	.db #0x04	; 4
      0000D0 05                     191 	.db #0x05	; 5
      0000D1 05                     192 	.db #0x05	; 5
      0000D2 05                     193 	.db #0x05	; 5
      0000D3 05                     194 	.db #0x05	; 5
      0000D4 06                     195 	.db #0x06	; 6
      0000D5 06                     196 	.db #0x06	; 6
      0000D6 06                     197 	.db #0x06	; 6
      0000D7 06                     198 	.db #0x06	; 6
      0000D8 07                     199 	.db #0x07	; 7
      0000D9 07                     200 	.db #0x07	; 7
      0000DA 07                     201 	.db #0x07	; 7
      0000DB 07                     202 	.db #0x07	; 7
      0000DC                        203 _bar_c:
      0000DC 00                     204 	.db #0x00	; 0
      0000DD 00                     205 	.db #0x00	; 0
      0000DE 00                     206 	.db #0x00	; 0
      0000DF 00                     207 	.db #0x00	; 0
      0000E0 00                     208 	.db #0x00	; 0
      0000E1 00                     209 	.db #0x00	; 0
      0000E2 00                     210 	.db #0x00	; 0
      0000E3 00                     211 	.db #0x00	; 0
      0000E4 00                     212 	.db #0x00	; 0
      0000E5 00                     213 	.db #0x00	; 0
      0000E6 00                     214 	.db #0x00	; 0
      0000E7 00                     215 	.db #0x00	; 0
      0000E8 00                     216 	.db #0x00	; 0
      0000E9 00                     217 	.db #0x00	; 0
      0000EA 00                     218 	.db #0x00	; 0
      0000EB 00                     219 	.db #0x00	; 0
      0000EC FF                     220 	.db #0xff	; 255
      0000ED 00                     221 	.db #0x00	; 0
      0000EE FF                     222 	.db #0xff	; 255
      0000EF 00                     223 	.db #0x00	; 0
      0000F0 FF                     224 	.db #0xff	; 255
      0000F1 00                     225 	.db #0x00	; 0
      0000F2 FF                     226 	.db #0xff	; 255
      0000F3 00                     227 	.db #0x00	; 0
      0000F4 FF                     228 	.db #0xff	; 255
      0000F5 00                     229 	.db #0x00	; 0
      0000F6 FF                     230 	.db #0xff	; 255
      0000F7 00                     231 	.db #0x00	; 0
      0000F8 FF                     232 	.db #0xff	; 255
      0000F9 00                     233 	.db #0x00	; 0
      0000FA FF                     234 	.db #0xff	; 255
      0000FB 00                     235 	.db #0x00	; 0
      0000FC 00                     236 	.db #0x00	; 0
      0000FD FF                     237 	.db #0xff	; 255
      0000FE 00                     238 	.db #0x00	; 0
      0000FF FF                     239 	.db #0xff	; 255
      000100 00                     240 	.db #0x00	; 0
      000101 FF                     241 	.db #0xff	; 255
      000102 00                     242 	.db #0x00	; 0
      000103 FF                     243 	.db #0xff	; 255
      000104 00                     244 	.db #0x00	; 0
      000105 FF                     245 	.db #0xff	; 255
      000106 00                     246 	.db #0x00	; 0
      000107 FF                     247 	.db #0xff	; 255
      000108 00                     248 	.db #0x00	; 0
      000109 FF                     249 	.db #0xff	; 255
      00010A 00                     250 	.db #0x00	; 0
      00010B FF                     251 	.db #0xff	; 255
      00010C FF                     252 	.db #0xff	; 255
      00010D FF                     253 	.db #0xff	; 255
      00010E FF                     254 	.db #0xff	; 255
      00010F FF                     255 	.db #0xff	; 255
      000110 FF                     256 	.db #0xff	; 255
      000111 FF                     257 	.db #0xff	; 255
      000112 FF                     258 	.db #0xff	; 255
      000113 FF                     259 	.db #0xff	; 255
      000114 FF                     260 	.db #0xff	; 255
      000115 FF                     261 	.db #0xff	; 255
      000116 FF                     262 	.db #0xff	; 255
      000117 FF                     263 	.db #0xff	; 255
      000118 FF                     264 	.db #0xff	; 255
      000119 FF                     265 	.db #0xff	; 255
      00011A FF                     266 	.db #0xff	; 255
      00011B FF                     267 	.db #0xff	; 255
      00011C 00                     268 	.db #0x00	; 0
      00011D 00                     269 	.db #0x00	; 0
      00011E 00                     270 	.db #0x00	; 0
      00011F 00                     271 	.db #0x00	; 0
      000120 00                     272 	.db #0x00	; 0
      000121 00                     273 	.db #0x00	; 0
      000122 00                     274 	.db #0x00	; 0
      000123 00                     275 	.db #0x00	; 0
      000124 00                     276 	.db #0x00	; 0
      000125 00                     277 	.db #0x00	; 0
      000126 00                     278 	.db #0x00	; 0
      000127 00                     279 	.db #0x00	; 0
      000128 00                     280 	.db #0x00	; 0
      000129 00                     281 	.db #0x00	; 0
      00012A 00                     282 	.db #0x00	; 0
      00012B 00                     283 	.db #0x00	; 0
      00012C FF                     284 	.db #0xff	; 255
      00012D 00                     285 	.db #0x00	; 0
      00012E FF                     286 	.db #0xff	; 255
      00012F 00                     287 	.db #0x00	; 0
      000130 FF                     288 	.db #0xff	; 255
      000131 00                     289 	.db #0x00	; 0
      000132 FF                     290 	.db #0xff	; 255
      000133 00                     291 	.db #0x00	; 0
      000134 FF                     292 	.db #0xff	; 255
      000135 00                     293 	.db #0x00	; 0
      000136 FF                     294 	.db #0xff	; 255
      000137 00                     295 	.db #0x00	; 0
      000138 FF                     296 	.db #0xff	; 255
      000139 00                     297 	.db #0x00	; 0
      00013A FF                     298 	.db #0xff	; 255
      00013B 00                     299 	.db #0x00	; 0
      00013C 00                     300 	.db #0x00	; 0
      00013D FF                     301 	.db #0xff	; 255
      00013E 00                     302 	.db #0x00	; 0
      00013F FF                     303 	.db #0xff	; 255
      000140 00                     304 	.db #0x00	; 0
      000141 FF                     305 	.db #0xff	; 255
      000142 00                     306 	.db #0x00	; 0
      000143 FF                     307 	.db #0xff	; 255
      000144 00                     308 	.db #0x00	; 0
      000145 FF                     309 	.db #0xff	; 255
      000146 00                     310 	.db #0x00	; 0
      000147 FF                     311 	.db #0xff	; 255
      000148 00                     312 	.db #0x00	; 0
      000149 FF                     313 	.db #0xff	; 255
      00014A 00                     314 	.db #0x00	; 0
      00014B FF                     315 	.db #0xff	; 255
      00014C FF                     316 	.db #0xff	; 255
      00014D FF                     317 	.db #0xff	; 255
      00014E FF                     318 	.db #0xff	; 255
      00014F FF                     319 	.db #0xff	; 255
      000150 FF                     320 	.db #0xff	; 255
      000151 FF                     321 	.db #0xff	; 255
      000152 FF                     322 	.db #0xff	; 255
      000153 FF                     323 	.db #0xff	; 255
      000154 FF                     324 	.db #0xff	; 255
      000155 FF                     325 	.db #0xff	; 255
      000156 FF                     326 	.db #0xff	; 255
      000157 FF                     327 	.db #0xff	; 255
      000158 FF                     328 	.db #0xff	; 255
      000159 FF                     329 	.db #0xff	; 255
      00015A FF                     330 	.db #0xff	; 255
      00015B FF                     331 	.db #0xff	; 255
      00015C 00                     332 	.db #0x00	; 0
      00015D 00                     333 	.db #0x00	; 0
      00015E 00                     334 	.db #0x00	; 0
      00015F 00                     335 	.db #0x00	; 0
      000160 00                     336 	.db #0x00	; 0
      000161 00                     337 	.db #0x00	; 0
      000162 00                     338 	.db #0x00	; 0
      000163 00                     339 	.db #0x00	; 0
      000164 00                     340 	.db #0x00	; 0
      000165 00                     341 	.db #0x00	; 0
      000166 00                     342 	.db #0x00	; 0
      000167 00                     343 	.db #0x00	; 0
      000168 00                     344 	.db #0x00	; 0
      000169 00                     345 	.db #0x00	; 0
      00016A 00                     346 	.db #0x00	; 0
      00016B 00                     347 	.db #0x00	; 0
      00016C FF                     348 	.db #0xff	; 255
      00016D 00                     349 	.db #0x00	; 0
      00016E FF                     350 	.db #0xff	; 255
      00016F 00                     351 	.db #0x00	; 0
      000170 FF                     352 	.db #0xff	; 255
      000171 00                     353 	.db #0x00	; 0
      000172 FF                     354 	.db #0xff	; 255
      000173 00                     355 	.db #0x00	; 0
      000174 FF                     356 	.db #0xff	; 255
      000175 00                     357 	.db #0x00	; 0
      000176 FF                     358 	.db #0xff	; 255
      000177 00                     359 	.db #0x00	; 0
      000178 FF                     360 	.db #0xff	; 255
      000179 00                     361 	.db #0x00	; 0
      00017A FF                     362 	.db #0xff	; 255
      00017B 00                     363 	.db #0x00	; 0
      00017C 00                     364 	.db #0x00	; 0
      00017D FF                     365 	.db #0xff	; 255
      00017E 00                     366 	.db #0x00	; 0
      00017F FF                     367 	.db #0xff	; 255
      000180 00                     368 	.db #0x00	; 0
      000181 FF                     369 	.db #0xff	; 255
      000182 00                     370 	.db #0x00	; 0
      000183 FF                     371 	.db #0xff	; 255
      000184 00                     372 	.db #0x00	; 0
      000185 FF                     373 	.db #0xff	; 255
      000186 00                     374 	.db #0x00	; 0
      000187 FF                     375 	.db #0xff	; 255
      000188 00                     376 	.db #0x00	; 0
      000189 FF                     377 	.db #0xff	; 255
      00018A 00                     378 	.db #0x00	; 0
      00018B FF                     379 	.db #0xff	; 255
      00018C FF                     380 	.db #0xff	; 255
      00018D FF                     381 	.db #0xff	; 255
      00018E FF                     382 	.db #0xff	; 255
      00018F FF                     383 	.db #0xff	; 255
      000190 FF                     384 	.db #0xff	; 255
      000191 FF                     385 	.db #0xff	; 255
      000192 FF                     386 	.db #0xff	; 255
      000193 FF                     387 	.db #0xff	; 255
      000194 FF                     388 	.db #0xff	; 255
      000195 FF                     389 	.db #0xff	; 255
      000196 FF                     390 	.db #0xff	; 255
      000197 FF                     391 	.db #0xff	; 255
      000198 FF                     392 	.db #0xff	; 255
      000199 FF                     393 	.db #0xff	; 255
      00019A FF                     394 	.db #0xff	; 255
      00019B FF                     395 	.db #0xff	; 255
      00019C 00                     396 	.db #0x00	; 0
      00019D 00                     397 	.db #0x00	; 0
      00019E 00                     398 	.db #0x00	; 0
      00019F 00                     399 	.db #0x00	; 0
      0001A0 00                     400 	.db #0x00	; 0
      0001A1 00                     401 	.db #0x00	; 0
      0001A2 00                     402 	.db #0x00	; 0
      0001A3 00                     403 	.db #0x00	; 0
      0001A4 00                     404 	.db #0x00	; 0
      0001A5 00                     405 	.db #0x00	; 0
      0001A6 00                     406 	.db #0x00	; 0
      0001A7 00                     407 	.db #0x00	; 0
      0001A8 00                     408 	.db #0x00	; 0
      0001A9 00                     409 	.db #0x00	; 0
      0001AA 00                     410 	.db #0x00	; 0
      0001AB 00                     411 	.db #0x00	; 0
      0001AC FF                     412 	.db #0xff	; 255
      0001AD 00                     413 	.db #0x00	; 0
      0001AE FF                     414 	.db #0xff	; 255
      0001AF 00                     415 	.db #0x00	; 0
      0001B0 FF                     416 	.db #0xff	; 255
      0001B1 00                     417 	.db #0x00	; 0
      0001B2 FF                     418 	.db #0xff	; 255
      0001B3 00                     419 	.db #0x00	; 0
      0001B4 FF                     420 	.db #0xff	; 255
      0001B5 00                     421 	.db #0x00	; 0
      0001B6 FF                     422 	.db #0xff	; 255
      0001B7 00                     423 	.db #0x00	; 0
      0001B8 FF                     424 	.db #0xff	; 255
      0001B9 00                     425 	.db #0x00	; 0
      0001BA FF                     426 	.db #0xff	; 255
      0001BB 00                     427 	.db #0x00	; 0
      0001BC 00                     428 	.db #0x00	; 0
      0001BD FF                     429 	.db #0xff	; 255
      0001BE 00                     430 	.db #0x00	; 0
      0001BF FF                     431 	.db #0xff	; 255
      0001C0 00                     432 	.db #0x00	; 0
      0001C1 FF                     433 	.db #0xff	; 255
      0001C2 00                     434 	.db #0x00	; 0
      0001C3 FF                     435 	.db #0xff	; 255
      0001C4 00                     436 	.db #0x00	; 0
      0001C5 FF                     437 	.db #0xff	; 255
      0001C6 00                     438 	.db #0x00	; 0
      0001C7 FF                     439 	.db #0xff	; 255
      0001C8 00                     440 	.db #0x00	; 0
      0001C9 FF                     441 	.db #0xff	; 255
      0001CA 00                     442 	.db #0x00	; 0
      0001CB FF                     443 	.db #0xff	; 255
      0001CC FF                     444 	.db #0xff	; 255
      0001CD FF                     445 	.db #0xff	; 255
      0001CE FF                     446 	.db #0xff	; 255
      0001CF FF                     447 	.db #0xff	; 255
      0001D0 FF                     448 	.db #0xff	; 255
      0001D1 FF                     449 	.db #0xff	; 255
      0001D2 FF                     450 	.db #0xff	; 255
      0001D3 FF                     451 	.db #0xff	; 255
      0001D4 FF                     452 	.db #0xff	; 255
      0001D5 FF                     453 	.db #0xff	; 255
      0001D6 FF                     454 	.db #0xff	; 255
      0001D7 FF                     455 	.db #0xff	; 255
      0001D8 FF                     456 	.db #0xff	; 255
      0001D9 FF                     457 	.db #0xff	; 255
      0001DA FF                     458 	.db #0xff	; 255
      0001DB FF                     459 	.db #0xff	; 255
      0001DC 00                     460 	.db #0x00	; 0
      0001DD 00                     461 	.db #0x00	; 0
      0001DE 00                     462 	.db #0x00	; 0
      0001DF 00                     463 	.db #0x00	; 0
      0001E0 00                     464 	.db #0x00	; 0
      0001E1 00                     465 	.db #0x00	; 0
      0001E2 00                     466 	.db #0x00	; 0
      0001E3 00                     467 	.db #0x00	; 0
      0001E4 00                     468 	.db #0x00	; 0
      0001E5 00                     469 	.db #0x00	; 0
      0001E6 00                     470 	.db #0x00	; 0
      0001E7 00                     471 	.db #0x00	; 0
      0001E8 00                     472 	.db #0x00	; 0
      0001E9 00                     473 	.db #0x00	; 0
      0001EA 00                     474 	.db #0x00	; 0
      0001EB 00                     475 	.db #0x00	; 0
      0001EC FF                     476 	.db #0xff	; 255
      0001ED 00                     477 	.db #0x00	; 0
      0001EE FF                     478 	.db #0xff	; 255
      0001EF 00                     479 	.db #0x00	; 0
      0001F0 FF                     480 	.db #0xff	; 255
      0001F1 00                     481 	.db #0x00	; 0
      0001F2 FF                     482 	.db #0xff	; 255
      0001F3 00                     483 	.db #0x00	; 0
      0001F4 FF                     484 	.db #0xff	; 255
      0001F5 00                     485 	.db #0x00	; 0
      0001F6 FF                     486 	.db #0xff	; 255
      0001F7 00                     487 	.db #0x00	; 0
      0001F8 FF                     488 	.db #0xff	; 255
      0001F9 00                     489 	.db #0x00	; 0
      0001FA FF                     490 	.db #0xff	; 255
      0001FB 00                     491 	.db #0x00	; 0
      0001FC 00                     492 	.db #0x00	; 0
      0001FD FF                     493 	.db #0xff	; 255
      0001FE 00                     494 	.db #0x00	; 0
      0001FF FF                     495 	.db #0xff	; 255
      000200 00                     496 	.db #0x00	; 0
      000201 FF                     497 	.db #0xff	; 255
      000202 00                     498 	.db #0x00	; 0
      000203 FF                     499 	.db #0xff	; 255
      000204 00                     500 	.db #0x00	; 0
      000205 FF                     501 	.db #0xff	; 255
      000206 00                     502 	.db #0x00	; 0
      000207 FF                     503 	.db #0xff	; 255
      000208 00                     504 	.db #0x00	; 0
      000209 FF                     505 	.db #0xff	; 255
      00020A 00                     506 	.db #0x00	; 0
      00020B FF                     507 	.db #0xff	; 255
      00020C FF                     508 	.db #0xff	; 255
      00020D FF                     509 	.db #0xff	; 255
      00020E FF                     510 	.db #0xff	; 255
      00020F FF                     511 	.db #0xff	; 255
      000210 FF                     512 	.db #0xff	; 255
      000211 FF                     513 	.db #0xff	; 255
      000212 FF                     514 	.db #0xff	; 255
      000213 FF                     515 	.db #0xff	; 255
      000214 FF                     516 	.db #0xff	; 255
      000215 FF                     517 	.db #0xff	; 255
      000216 FF                     518 	.db #0xff	; 255
      000217 FF                     519 	.db #0xff	; 255
      000218 FF                     520 	.db #0xff	; 255
      000219 FF                     521 	.db #0xff	; 255
      00021A FF                     522 	.db #0xff	; 255
      00021B FF                     523 	.db #0xff	; 255
      00021C 00                     524 	.db #0x00	; 0
      00021D 00                     525 	.db #0x00	; 0
      00021E 00                     526 	.db #0x00	; 0
      00021F 00                     527 	.db #0x00	; 0
      000220 00                     528 	.db #0x00	; 0
      000221 00                     529 	.db #0x00	; 0
      000222 00                     530 	.db #0x00	; 0
      000223 00                     531 	.db #0x00	; 0
      000224 00                     532 	.db #0x00	; 0
      000225 00                     533 	.db #0x00	; 0
      000226 00                     534 	.db #0x00	; 0
      000227 00                     535 	.db #0x00	; 0
      000228 00                     536 	.db #0x00	; 0
      000229 00                     537 	.db #0x00	; 0
      00022A 00                     538 	.db #0x00	; 0
      00022B 00                     539 	.db #0x00	; 0
      00022C FF                     540 	.db #0xff	; 255
      00022D 00                     541 	.db #0x00	; 0
      00022E FF                     542 	.db #0xff	; 255
      00022F 00                     543 	.db #0x00	; 0
      000230 FF                     544 	.db #0xff	; 255
      000231 00                     545 	.db #0x00	; 0
      000232 FF                     546 	.db #0xff	; 255
      000233 00                     547 	.db #0x00	; 0
      000234 FF                     548 	.db #0xff	; 255
      000235 00                     549 	.db #0x00	; 0
      000236 FF                     550 	.db #0xff	; 255
      000237 00                     551 	.db #0x00	; 0
      000238 FF                     552 	.db #0xff	; 255
      000239 00                     553 	.db #0x00	; 0
      00023A FF                     554 	.db #0xff	; 255
      00023B 00                     555 	.db #0x00	; 0
      00023C 00                     556 	.db #0x00	; 0
      00023D FF                     557 	.db #0xff	; 255
      00023E 00                     558 	.db #0x00	; 0
      00023F FF                     559 	.db #0xff	; 255
      000240 00                     560 	.db #0x00	; 0
      000241 FF                     561 	.db #0xff	; 255
      000242 00                     562 	.db #0x00	; 0
      000243 FF                     563 	.db #0xff	; 255
      000244 00                     564 	.db #0x00	; 0
      000245 FF                     565 	.db #0xff	; 255
      000246 00                     566 	.db #0x00	; 0
      000247 FF                     567 	.db #0xff	; 255
      000248 00                     568 	.db #0x00	; 0
      000249 FF                     569 	.db #0xff	; 255
      00024A 00                     570 	.db #0x00	; 0
      00024B FF                     571 	.db #0xff	; 255
      00024C FF                     572 	.db #0xff	; 255
      00024D FF                     573 	.db #0xff	; 255
      00024E FF                     574 	.db #0xff	; 255
      00024F FF                     575 	.db #0xff	; 255
      000250 FF                     576 	.db #0xff	; 255
      000251 FF                     577 	.db #0xff	; 255
      000252 FF                     578 	.db #0xff	; 255
      000253 FF                     579 	.db #0xff	; 255
      000254 FF                     580 	.db #0xff	; 255
      000255 FF                     581 	.db #0xff	; 255
      000256 FF                     582 	.db #0xff	; 255
      000257 FF                     583 	.db #0xff	; 255
      000258 FF                     584 	.db #0xff	; 255
      000259 FF                     585 	.db #0xff	; 255
      00025A FF                     586 	.db #0xff	; 255
      00025B FF                     587 	.db #0xff	; 255
      00025C 00                     588 	.db #0x00	; 0
      00025D 00                     589 	.db #0x00	; 0
      00025E 00                     590 	.db #0x00	; 0
      00025F 00                     591 	.db #0x00	; 0
      000260 00                     592 	.db #0x00	; 0
      000261 00                     593 	.db #0x00	; 0
      000262 00                     594 	.db #0x00	; 0
      000263 00                     595 	.db #0x00	; 0
      000264 00                     596 	.db #0x00	; 0
      000265 00                     597 	.db #0x00	; 0
      000266 00                     598 	.db #0x00	; 0
      000267 00                     599 	.db #0x00	; 0
      000268 00                     600 	.db #0x00	; 0
      000269 00                     601 	.db #0x00	; 0
      00026A 00                     602 	.db #0x00	; 0
      00026B 00                     603 	.db #0x00	; 0
      00026C FF                     604 	.db #0xff	; 255
      00026D 00                     605 	.db #0x00	; 0
      00026E FF                     606 	.db #0xff	; 255
      00026F 00                     607 	.db #0x00	; 0
      000270 FF                     608 	.db #0xff	; 255
      000271 00                     609 	.db #0x00	; 0
      000272 FF                     610 	.db #0xff	; 255
      000273 00                     611 	.db #0x00	; 0
      000274 FF                     612 	.db #0xff	; 255
      000275 00                     613 	.db #0x00	; 0
      000276 FF                     614 	.db #0xff	; 255
      000277 00                     615 	.db #0x00	; 0
      000278 FF                     616 	.db #0xff	; 255
      000279 00                     617 	.db #0x00	; 0
      00027A FF                     618 	.db #0xff	; 255
      00027B 00                     619 	.db #0x00	; 0
      00027C 00                     620 	.db #0x00	; 0
      00027D FF                     621 	.db #0xff	; 255
      00027E 00                     622 	.db #0x00	; 0
      00027F FF                     623 	.db #0xff	; 255
      000280 00                     624 	.db #0x00	; 0
      000281 FF                     625 	.db #0xff	; 255
      000282 00                     626 	.db #0x00	; 0
      000283 FF                     627 	.db #0xff	; 255
      000284 00                     628 	.db #0x00	; 0
      000285 FF                     629 	.db #0xff	; 255
      000286 00                     630 	.db #0x00	; 0
      000287 FF                     631 	.db #0xff	; 255
      000288 00                     632 	.db #0x00	; 0
      000289 FF                     633 	.db #0xff	; 255
      00028A 00                     634 	.db #0x00	; 0
      00028B FF                     635 	.db #0xff	; 255
      00028C FF                     636 	.db #0xff	; 255
      00028D FF                     637 	.db #0xff	; 255
      00028E FF                     638 	.db #0xff	; 255
      00028F FF                     639 	.db #0xff	; 255
      000290 FF                     640 	.db #0xff	; 255
      000291 FF                     641 	.db #0xff	; 255
      000292 FF                     642 	.db #0xff	; 255
      000293 FF                     643 	.db #0xff	; 255
      000294 FF                     644 	.db #0xff	; 255
      000295 FF                     645 	.db #0xff	; 255
      000296 FF                     646 	.db #0xff	; 255
      000297 FF                     647 	.db #0xff	; 255
      000298 FF                     648 	.db #0xff	; 255
      000299 FF                     649 	.db #0xff	; 255
      00029A FF                     650 	.db #0xff	; 255
      00029B FF                     651 	.db #0xff	; 255
      00029C 00                     652 	.db #0x00	; 0
      00029D 00                     653 	.db #0x00	; 0
      00029E 00                     654 	.db #0x00	; 0
      00029F 00                     655 	.db #0x00	; 0
      0002A0 00                     656 	.db #0x00	; 0
      0002A1 00                     657 	.db #0x00	; 0
      0002A2 00                     658 	.db #0x00	; 0
      0002A3 00                     659 	.db #0x00	; 0
      0002A4 00                     660 	.db #0x00	; 0
      0002A5 00                     661 	.db #0x00	; 0
      0002A6 00                     662 	.db #0x00	; 0
      0002A7 00                     663 	.db #0x00	; 0
      0002A8 00                     664 	.db #0x00	; 0
      0002A9 00                     665 	.db #0x00	; 0
      0002AA 00                     666 	.db #0x00	; 0
      0002AB 00                     667 	.db #0x00	; 0
      0002AC FF                     668 	.db #0xff	; 255
      0002AD 00                     669 	.db #0x00	; 0
      0002AE FF                     670 	.db #0xff	; 255
      0002AF 00                     671 	.db #0x00	; 0
      0002B0 FF                     672 	.db #0xff	; 255
      0002B1 00                     673 	.db #0x00	; 0
      0002B2 FF                     674 	.db #0xff	; 255
      0002B3 00                     675 	.db #0x00	; 0
      0002B4 FF                     676 	.db #0xff	; 255
      0002B5 00                     677 	.db #0x00	; 0
      0002B6 FF                     678 	.db #0xff	; 255
      0002B7 00                     679 	.db #0x00	; 0
      0002B8 FF                     680 	.db #0xff	; 255
      0002B9 00                     681 	.db #0x00	; 0
      0002BA FF                     682 	.db #0xff	; 255
      0002BB 00                     683 	.db #0x00	; 0
      0002BC 00                     684 	.db #0x00	; 0
      0002BD FF                     685 	.db #0xff	; 255
      0002BE 00                     686 	.db #0x00	; 0
      0002BF FF                     687 	.db #0xff	; 255
      0002C0 00                     688 	.db #0x00	; 0
      0002C1 FF                     689 	.db #0xff	; 255
      0002C2 00                     690 	.db #0x00	; 0
      0002C3 FF                     691 	.db #0xff	; 255
      0002C4 00                     692 	.db #0x00	; 0
      0002C5 FF                     693 	.db #0xff	; 255
      0002C6 00                     694 	.db #0x00	; 0
      0002C7 FF                     695 	.db #0xff	; 255
      0002C8 00                     696 	.db #0x00	; 0
      0002C9 FF                     697 	.db #0xff	; 255
      0002CA 00                     698 	.db #0x00	; 0
      0002CB FF                     699 	.db #0xff	; 255
      0002CC FF                     700 	.db #0xff	; 255
      0002CD FF                     701 	.db #0xff	; 255
      0002CE FF                     702 	.db #0xff	; 255
      0002CF FF                     703 	.db #0xff	; 255
      0002D0 FF                     704 	.db #0xff	; 255
      0002D1 FF                     705 	.db #0xff	; 255
      0002D2 FF                     706 	.db #0xff	; 255
      0002D3 FF                     707 	.db #0xff	; 255
      0002D4 FF                     708 	.db #0xff	; 255
      0002D5 FF                     709 	.db #0xff	; 255
      0002D6 FF                     710 	.db #0xff	; 255
      0002D7 FF                     711 	.db #0xff	; 255
      0002D8 FF                     712 	.db #0xff	; 255
      0002D9 FF                     713 	.db #0xff	; 255
      0002DA FF                     714 	.db #0xff	; 255
      0002DB FF                     715 	.db #0xff	; 255
      0002DC                        716 _bar_m:
      0002DC 1F                     717 	.db #0x1f	; 31
      0002DD 1F                     718 	.db #0x1f	; 31
      0002DE 12                     719 	.db #0x12	; 18
      0002DF 12                     720 	.db #0x12	; 18
      0002E0 12                     721 	.db #0x12	; 18
      0002E1 1B                     722 	.db #0x1b	; 27
      0002E2 1B                     723 	.db #0x1b	; 27
      0002E3 1B                     724 	.db #0x1b	; 27
      0002E4 08                     725 	.db #0x08	; 8
      0002E5 08                     726 	.db #0x08	; 8
      0002E6 08                     727 	.db #0x08	; 8
      0002E7 16                     728 	.db #0x16	; 22
      0002E8 16                     729 	.db #0x16	; 22
      0002E9 16                     730 	.db #0x16	; 22
      0002EA 07                     731 	.db #0x07	; 7
      0002EB 07                     732 	.db #0x07	; 7
      0002EC 07                     733 	.db #0x07	; 7
      0002ED 0C                     734 	.db #0x0c	; 12
      0002EE 0C                     735 	.db #0x0c	; 12
      0002EF 0C                     736 	.db #0x0c	; 12
      0002F0 1E                     737 	.db #0x1e	; 30
      0002F1 1E                     738 	.db #0x1e	; 30
      0002F2 13                     739 	.db #0x13	; 19
      0002F3 13                     740 	.db #0x13	; 19
      0002F4 13                     741 	.db #0x13	; 19
      0002F5 18                     742 	.db #0x18	; 24
      0002F6 18                     743 	.db #0x18	; 24
      0002F7 18                     744 	.db #0x18	; 24
      0002F8 09                     745 	.db #0x09	; 9
      0002F9 09                     746 	.db #0x09	; 9
      0002FA 09                     747 	.db #0x09	; 9
      0002FB 17                     748 	.db #0x17	; 23
      0002FC 17                     749 	.db #0x17	; 23
      0002FD 17                     750 	.db #0x17	; 23
      0002FE 04                     751 	.db #0x04	; 4
      0002FF 04                     752 	.db #0x04	; 4
      000300 04                     753 	.db #0x04	; 4
      000301 0D                     754 	.db #0x0d	; 13
      000302 0D                     755 	.db #0x0d	; 13
      000303 0D                     756 	.db #0x0d	; 13
      000304 1D                     757 	.db #0x1d	; 29
      000305 1D                     758 	.db #0x1d	; 29
      000306 10                     759 	.db #0x10	; 16
      000307 10                     760 	.db #0x10	; 16
      000308 10                     761 	.db #0x10	; 16
      000309 19                     762 	.db #0x19	; 25
      00030A 19                     763 	.db #0x19	; 25
      00030B 19                     764 	.db #0x19	; 25
      00030C 0A                     765 	.db #0x0a	; 10
      00030D 0A                     766 	.db #0x0a	; 10
      00030E 0A                     767 	.db #0x0a	; 10
      00030F 14                     768 	.db #0x14	; 20
      000310 14                     769 	.db #0x14	; 20
      000311 14                     770 	.db #0x14	; 20
      000312 05                     771 	.db #0x05	; 5
      000313 05                     772 	.db #0x05	; 5
      000314 05                     773 	.db #0x05	; 5
      000315 0E                     774 	.db #0x0e	; 14
      000316 0E                     775 	.db #0x0e	; 14
      000317 0E                     776 	.db #0x0e	; 14
      000318 1C                     777 	.db #0x1c	; 28
      000319 1C                     778 	.db #0x1c	; 28
      00031A 11                     779 	.db #0x11	; 17
      00031B 11                     780 	.db #0x11	; 17
      00031C 11                     781 	.db #0x11	; 17
      00031D 1A                     782 	.db #0x1a	; 26
      00031E 1A                     783 	.db #0x1a	; 26
      00031F 1A                     784 	.db #0x1a	; 26
      000320 0B                     785 	.db #0x0b	; 11
      000321 0B                     786 	.db #0x0b	; 11
      000322 0B                     787 	.db #0x0b	; 11
      000323 15                     788 	.db #0x15	; 21
      000324 15                     789 	.db #0x15	; 21
      000325 15                     790 	.db #0x15	; 21
      000326 06                     791 	.db #0x06	; 6
      000327 06                     792 	.db #0x06	; 6
      000328 06                     793 	.db #0x06	; 6
      000329 0F                     794 	.db #0x0f	; 15
      00032A 0F                     795 	.db #0x0f	; 15
      00032B 0F                     796 	.db #0x0f	; 15
      00032C 1C                     797 	.db #0x1c	; 28
      00032D 1C                     798 	.db #0x1c	; 28
      00032E 11                     799 	.db #0x11	; 17
      00032F 11                     800 	.db #0x11	; 17
      000330 11                     801 	.db #0x11	; 17
      000331 1A                     802 	.db #0x1a	; 26
      000332 1A                     803 	.db #0x1a	; 26
      000333 1A                     804 	.db #0x1a	; 26
      000334 0B                     805 	.db #0x0b	; 11
      000335 0B                     806 	.db #0x0b	; 11
      000336 0B                     807 	.db #0x0b	; 11
      000337 15                     808 	.db #0x15	; 21
      000338 15                     809 	.db #0x15	; 21
      000339 15                     810 	.db #0x15	; 21
      00033A 06                     811 	.db #0x06	; 6
      00033B 06                     812 	.db #0x06	; 6
      00033C 06                     813 	.db #0x06	; 6
      00033D 0F                     814 	.db #0x0f	; 15
      00033E 0F                     815 	.db #0x0f	; 15
      00033F 0F                     816 	.db #0x0f	; 15
      000340 1C                     817 	.db #0x1c	; 28
      000341 1C                     818 	.db #0x1c	; 28
      000342 11                     819 	.db #0x11	; 17
      000343 11                     820 	.db #0x11	; 17
      000344 11                     821 	.db #0x11	; 17
      000345 1A                     822 	.db #0x1a	; 26
      000346 1A                     823 	.db #0x1a	; 26
      000347 1A                     824 	.db #0x1a	; 26
      000348 0B                     825 	.db #0x0b	; 11
      000349 0B                     826 	.db #0x0b	; 11
      00034A 0B                     827 	.db #0x0b	; 11
      00034B 15                     828 	.db #0x15	; 21
      00034C 15                     829 	.db #0x15	; 21
      00034D 15                     830 	.db #0x15	; 21
      00034E 06                     831 	.db #0x06	; 6
      00034F 06                     832 	.db #0x06	; 6
      000350 06                     833 	.db #0x06	; 6
      000351 0F                     834 	.db #0x0f	; 15
      000352 0F                     835 	.db #0x0f	; 15
      000353 0F                     836 	.db #0x0f	; 15
      000354 1C                     837 	.db #0x1c	; 28
      000355 1C                     838 	.db #0x1c	; 28
      000356 11                     839 	.db #0x11	; 17
      000357 11                     840 	.db #0x11	; 17
      000358 11                     841 	.db #0x11	; 17
      000359 1A                     842 	.db #0x1a	; 26
      00035A 1A                     843 	.db #0x1a	; 26
      00035B 1A                     844 	.db #0x1a	; 26
      00035C 0B                     845 	.db #0x0b	; 11
      00035D 0B                     846 	.db #0x0b	; 11
      00035E 0B                     847 	.db #0x0b	; 11
      00035F 15                     848 	.db #0x15	; 21
      000360 15                     849 	.db #0x15	; 21
      000361 15                     850 	.db #0x15	; 21
      000362 06                     851 	.db #0x06	; 6
      000363 06                     852 	.db #0x06	; 6
      000364 06                     853 	.db #0x06	; 6
      000365 0F                     854 	.db #0x0f	; 15
      000366 0F                     855 	.db #0x0f	; 15
      000367 0F                     856 	.db #0x0f	; 15
      000368 1C                     857 	.db #0x1c	; 28
      000369 1C                     858 	.db #0x1c	; 28
      00036A 11                     859 	.db #0x11	; 17
      00036B 11                     860 	.db #0x11	; 17
      00036C 11                     861 	.db #0x11	; 17
      00036D 1A                     862 	.db #0x1a	; 26
      00036E 1A                     863 	.db #0x1a	; 26
      00036F 1A                     864 	.db #0x1a	; 26
      000370 0B                     865 	.db #0x0b	; 11
      000371 0B                     866 	.db #0x0b	; 11
      000372 0B                     867 	.db #0x0b	; 11
      000373 15                     868 	.db #0x15	; 21
      000374 15                     869 	.db #0x15	; 21
      000375 15                     870 	.db #0x15	; 21
      000376 06                     871 	.db #0x06	; 6
      000377 06                     872 	.db #0x06	; 6
      000378 06                     873 	.db #0x06	; 6
      000379 0F                     874 	.db #0x0f	; 15
      00037A 0F                     875 	.db #0x0f	; 15
      00037B 0F                     876 	.db #0x0f	; 15
      00037C 1C                     877 	.db #0x1c	; 28
      00037D 1C                     878 	.db #0x1c	; 28
      00037E 11                     879 	.db #0x11	; 17
      00037F 11                     880 	.db #0x11	; 17
      000380 11                     881 	.db #0x11	; 17
      000381 1A                     882 	.db #0x1a	; 26
      000382 1A                     883 	.db #0x1a	; 26
      000383 1A                     884 	.db #0x1a	; 26
      000384 0B                     885 	.db #0x0b	; 11
      000385 0B                     886 	.db #0x0b	; 11
      000386 0B                     887 	.db #0x0b	; 11
      000387 15                     888 	.db #0x15	; 21
      000388 15                     889 	.db #0x15	; 21
      000389 15                     890 	.db #0x15	; 21
      00038A 06                     891 	.db #0x06	; 6
      00038B 06                     892 	.db #0x06	; 6
      00038C 06                     893 	.db #0x06	; 6
      00038D 0F                     894 	.db #0x0f	; 15
      00038E 0F                     895 	.db #0x0f	; 15
      00038F 0F                     896 	.db #0x0f	; 15
      000390 1C                     897 	.db #0x1c	; 28
      000391 1C                     898 	.db #0x1c	; 28
      000392 11                     899 	.db #0x11	; 17
      000393 11                     900 	.db #0x11	; 17
      000394 11                     901 	.db #0x11	; 17
      000395 1A                     902 	.db #0x1a	; 26
      000396 1A                     903 	.db #0x1a	; 26
      000397 1A                     904 	.db #0x1a	; 26
      000398 0B                     905 	.db #0x0b	; 11
      000399 0B                     906 	.db #0x0b	; 11
      00039A 0B                     907 	.db #0x0b	; 11
      00039B 15                     908 	.db #0x15	; 21
      00039C 15                     909 	.db #0x15	; 21
      00039D 15                     910 	.db #0x15	; 21
      00039E 06                     911 	.db #0x06	; 6
      00039F 06                     912 	.db #0x06	; 6
      0003A0 06                     913 	.db #0x06	; 6
      0003A1 0F                     914 	.db #0x0f	; 15
      0003A2 0F                     915 	.db #0x0f	; 15
      0003A3 0F                     916 	.db #0x0f	; 15
      0003A4 1C                     917 	.db #0x1c	; 28
      0003A5 1C                     918 	.db #0x1c	; 28
      0003A6 11                     919 	.db #0x11	; 17
      0003A7 11                     920 	.db #0x11	; 17
      0003A8 11                     921 	.db #0x11	; 17
      0003A9 1A                     922 	.db #0x1a	; 26
      0003AA 1A                     923 	.db #0x1a	; 26
      0003AB 1A                     924 	.db #0x1a	; 26
      0003AC 0B                     925 	.db #0x0b	; 11
      0003AD 0B                     926 	.db #0x0b	; 11
      0003AE 0B                     927 	.db #0x0b	; 11
      0003AF 15                     928 	.db #0x15	; 21
      0003B0 15                     929 	.db #0x15	; 21
      0003B1 15                     930 	.db #0x15	; 21
      0003B2 06                     931 	.db #0x06	; 6
      0003B3 06                     932 	.db #0x06	; 6
      0003B4 06                     933 	.db #0x06	; 6
      0003B5 0F                     934 	.db #0x0f	; 15
      0003B6 0F                     935 	.db #0x0f	; 15
      0003B7 0F                     936 	.db #0x0f	; 15
      0003B8 1C                     937 	.db #0x1c	; 28
      0003B9 1C                     938 	.db #0x1c	; 28
      0003BA 11                     939 	.db #0x11	; 17
      0003BB 11                     940 	.db #0x11	; 17
      0003BC 11                     941 	.db #0x11	; 17
      0003BD 1A                     942 	.db #0x1a	; 26
      0003BE 1A                     943 	.db #0x1a	; 26
      0003BF 1A                     944 	.db #0x1a	; 26
      0003C0 0B                     945 	.db #0x0b	; 11
      0003C1 0B                     946 	.db #0x0b	; 11
      0003C2 0B                     947 	.db #0x0b	; 11
      0003C3 15                     948 	.db #0x15	; 21
      0003C4 15                     949 	.db #0x15	; 21
      0003C5 15                     950 	.db #0x15	; 21
      0003C6 06                     951 	.db #0x06	; 6
      0003C7 06                     952 	.db #0x06	; 6
      0003C8 06                     953 	.db #0x06	; 6
      0003C9 0F                     954 	.db #0x0f	; 15
      0003CA 0F                     955 	.db #0x0f	; 15
      0003CB 0F                     956 	.db #0x0f	; 15
      0003CC 1C                     957 	.db #0x1c	; 28
      0003CD 1C                     958 	.db #0x1c	; 28
      0003CE 11                     959 	.db #0x11	; 17
      0003CF 11                     960 	.db #0x11	; 17
      0003D0 11                     961 	.db #0x11	; 17
      0003D1 1A                     962 	.db #0x1a	; 26
      0003D2 1A                     963 	.db #0x1a	; 26
      0003D3 1A                     964 	.db #0x1a	; 26
      0003D4 0B                     965 	.db #0x0b	; 11
      0003D5 0B                     966 	.db #0x0b	; 11
      0003D6 0B                     967 	.db #0x0b	; 11
      0003D7 15                     968 	.db #0x15	; 21
      0003D8 15                     969 	.db #0x15	; 21
      0003D9 15                     970 	.db #0x15	; 21
      0003DA 06                     971 	.db #0x06	; 6
      0003DB 06                     972 	.db #0x06	; 6
      0003DC 06                     973 	.db #0x06	; 6
      0003DD 0F                     974 	.db #0x0f	; 15
      0003DE 0F                     975 	.db #0x0f	; 15
      0003DF 0F                     976 	.db #0x0f	; 15
      0003E0 1C                     977 	.db #0x1c	; 28
      0003E1 1C                     978 	.db #0x1c	; 28
      0003E2 11                     979 	.db #0x11	; 17
      0003E3 11                     980 	.db #0x11	; 17
      0003E4 11                     981 	.db #0x11	; 17
      0003E5 1A                     982 	.db #0x1a	; 26
      0003E6 1A                     983 	.db #0x1a	; 26
      0003E7 1A                     984 	.db #0x1a	; 26
      0003E8 0B                     985 	.db #0x0b	; 11
      0003E9 0B                     986 	.db #0x0b	; 11
      0003EA 0B                     987 	.db #0x0b	; 11
      0003EB 15                     988 	.db #0x15	; 21
      0003EC 15                     989 	.db #0x15	; 21
      0003ED 15                     990 	.db #0x15	; 21
      0003EE 06                     991 	.db #0x06	; 6
      0003EF 06                     992 	.db #0x06	; 6
      0003F0 06                     993 	.db #0x06	; 6
      0003F1 0F                     994 	.db #0x0f	; 15
      0003F2 0F                     995 	.db #0x0f	; 15
      0003F3 0F                     996 	.db #0x0f	; 15
      0003F4 0F                     997 	.db #0x0f	; 15
      0003F5 0F                     998 	.db #0x0f	; 15
      0003F6 03                     999 	.db #0x03	; 3
      0003F7 03                    1000 	.db #0x03	; 3
      0003F8 03                    1001 	.db #0x03	; 3
      0003F9 15                    1002 	.db #0x15	; 21
      0003FA 15                    1003 	.db #0x15	; 21
      0003FB 15                    1004 	.db #0x15	; 21
      0003FC 03                    1005 	.db #0x03	; 3
      0003FD 03                    1006 	.db #0x03	; 3
      0003FE 03                    1007 	.db #0x03	; 3
      0003FF 1A                    1008 	.db #0x1a	; 26
      000400 1A                    1009 	.db #0x1a	; 26
      000401 1A                    1010 	.db #0x1a	; 26
      000402 03                    1011 	.db #0x03	; 3
      000403 03                    1012 	.db #0x03	; 3
      000404 03                    1013 	.db #0x03	; 3
      000405 1C                    1014 	.db #0x1c	; 28
      000406 1C                    1015 	.db #0x1c	; 28
      000407 1C                    1016 	.db #0x1c	; 28
      000408 0D                    1017 	.db #0x0d	; 13
      000409 0D                    1018 	.db #0x0d	; 13
      00040A 0D                    1019 	.db #0x0d	; 13
      00040B 0D                    1020 	.db #0x0d	; 13
      00040C 00                    1021 	.db #0x00	; 0
      00040D 00                    1022 	.db #0x00	; 0
      00040E 00                    1023 	.db #0x00	; 0
      00040F 00                    1024 	.db #0x00	; 0
      000410 16                    1025 	.db #0x16	; 22
      000411 16                    1026 	.db #0x16	; 22
      000412 16                    1027 	.db #0x16	; 22
      000413 16                    1028 	.db #0x16	; 22
      000414 03                    1029 	.db #0x03	; 3
      000415 03                    1030 	.db #0x03	; 3
      000416 03                    1031 	.db #0x03	; 3
      000417 03                    1032 	.db #0x03	; 3
      000418 03                    1033 	.db #0x03	; 3
      000419 03                    1034 	.db #0x03	; 3
      00041A 03                    1035 	.db #0x03	; 3
      00041B 03                    1036 	.db #0x03	; 3
      00041C 0D                    1037 	.db #0x0d	; 13
      00041D 0D                    1038 	.db #0x0d	; 13
      00041E 0D                    1039 	.db #0x0d	; 13
      00041F 0D                    1040 	.db #0x0d	; 13
      000420 00                    1041 	.db #0x00	; 0
      000421 00                    1042 	.db #0x00	; 0
      000422 00                    1043 	.db #0x00	; 0
      000423 00                    1044 	.db #0x00	; 0
      000424 16                    1045 	.db #0x16	; 22
      000425 16                    1046 	.db #0x16	; 22
      000426 16                    1047 	.db #0x16	; 22
      000427 16                    1048 	.db #0x16	; 22
      000428 03                    1049 	.db #0x03	; 3
      000429 03                    1050 	.db #0x03	; 3
      00042A 03                    1051 	.db #0x03	; 3
      00042B 03                    1052 	.db #0x03	; 3
      00042C 03                    1053 	.db #0x03	; 3
      00042D 03                    1054 	.db #0x03	; 3
      00042E 03                    1055 	.db #0x03	; 3
      00042F 03                    1056 	.db #0x03	; 3
      000430 0D                    1057 	.db #0x0d	; 13
      000431 0D                    1058 	.db #0x0d	; 13
      000432 0D                    1059 	.db #0x0d	; 13
      000433 0D                    1060 	.db #0x0d	; 13
      000434 00                    1061 	.db #0x00	; 0
      000435 00                    1062 	.db #0x00	; 0
      000436 00                    1063 	.db #0x00	; 0
      000437 00                    1064 	.db #0x00	; 0
      000438 16                    1065 	.db #0x16	; 22
      000439 16                    1066 	.db #0x16	; 22
      00043A 16                    1067 	.db #0x16	; 22
      00043B 16                    1068 	.db #0x16	; 22
      00043C 03                    1069 	.db #0x03	; 3
      00043D 03                    1070 	.db #0x03	; 3
      00043E 03                    1071 	.db #0x03	; 3
      00043F 03                    1072 	.db #0x03	; 3
      000440 03                    1073 	.db #0x03	; 3
      000441 03                    1074 	.db #0x03	; 3
      000442 03                    1075 	.db #0x03	; 3
      000443 03                    1076 	.db #0x03	; 3
      000444                       1077 _bar_p:
      000444 FF 7F                 1078 	.dw #0x7fff
      000446 18 63                 1079 	.dw #0x6318
      000448 52 4A                 1080 	.dw #0x4a52
      00044A 00 00                 1081 	.dw #0x0000
      00044C 12 00                 1082 	.dw #0x0012
      00044E 18 00                 1083 	.dw #0x0018
      000450 1F 00                 1084 	.dw #0x001f
      000452 0C 00                 1085 	.dw #0x000c
      000454 80 01                 1086 	.dw #0x0180
      000456 40 02                 1087 	.dw #0x0240
      000458 00 03                 1088 	.dw #0x0300
      00045A E0 03                 1089 	.dw #0x03e0
      00045C 00 30                 1090 	.dw #0x3000
      00045E 00 48                 1091 	.dw #0x4800
      000460 00 60                 1092 	.dw #0x6000
      000462 00 7C                 1093 	.dw #0x7c00
      000464 18 03                 1094 	.dw #0x0318
      000466 FF 03                 1095 	.dw #0x03ff
      000468 8C 01                 1096 	.dw #0x018c
      00046A 52 02                 1097 	.dw #0x0252
      00046C 18 60                 1098 	.dw #0x6018
      00046E 1F 7C                 1099 	.dw #0x7c1f
      000470 0C 30                 1100 	.dw #0x300c
      000472 12 48                 1101 	.dw #0x4812
      000474 40 4A                 1102 	.dw #0x4a40
      000476 00 63                 1103 	.dw #0x6300
      000478 E0 7F                 1104 	.dw #0x7fe0
      00047A 80 31                 1105 	.dw #0x3180
      00047C FF 7F                 1106 	.dw #0x7fff
      00047E 18 63                 1107 	.dw #0x6318
      000480 52 4A                 1108 	.dw #0x4a52
      000482 8C 31                 1109 	.dw #0x318c
      000484                       1110 _bar_a:
      000484 07                    1111 	.db #0x07	; 7
      000485 07                    1112 	.db #0x07	; 7
      000486 04                    1113 	.db #0x04	; 4
      000487 04                    1114 	.db #0x04	; 4
      000488 04                    1115 	.db #0x04	; 4
      000489 06                    1116 	.db #0x06	; 6
      00048A 06                    1117 	.db #0x06	; 6
      00048B 06                    1118 	.db #0x06	; 6
      00048C 02                    1119 	.db #0x02	; 2
      00048D 02                    1120 	.db #0x02	; 2
      00048E 02                    1121 	.db #0x02	; 2
      00048F 05                    1122 	.db #0x05	; 5
      000490 05                    1123 	.db #0x05	; 5
      000491 05                    1124 	.db #0x05	; 5
      000492 01                    1125 	.db #0x01	; 1
      000493 01                    1126 	.db #0x01	; 1
      000494 01                    1127 	.db #0x01	; 1
      000495 03                    1128 	.db #0x03	; 3
      000496 03                    1129 	.db #0x03	; 3
      000497 03                    1130 	.db #0x03	; 3
      000498 07                    1131 	.db #0x07	; 7
      000499 07                    1132 	.db #0x07	; 7
      00049A 04                    1133 	.db #0x04	; 4
      00049B 04                    1134 	.db #0x04	; 4
      00049C 04                    1135 	.db #0x04	; 4
      00049D 06                    1136 	.db #0x06	; 6
      00049E 06                    1137 	.db #0x06	; 6
      00049F 06                    1138 	.db #0x06	; 6
      0004A0 02                    1139 	.db #0x02	; 2
      0004A1 02                    1140 	.db #0x02	; 2
      0004A2 02                    1141 	.db #0x02	; 2
      0004A3 05                    1142 	.db #0x05	; 5
      0004A4 05                    1143 	.db #0x05	; 5
      0004A5 05                    1144 	.db #0x05	; 5
      0004A6 01                    1145 	.db #0x01	; 1
      0004A7 01                    1146 	.db #0x01	; 1
      0004A8 01                    1147 	.db #0x01	; 1
      0004A9 03                    1148 	.db #0x03	; 3
      0004AA 03                    1149 	.db #0x03	; 3
      0004AB 03                    1150 	.db #0x03	; 3
      0004AC 07                    1151 	.db #0x07	; 7
      0004AD 07                    1152 	.db #0x07	; 7
      0004AE 04                    1153 	.db #0x04	; 4
      0004AF 04                    1154 	.db #0x04	; 4
      0004B0 04                    1155 	.db #0x04	; 4
      0004B1 06                    1156 	.db #0x06	; 6
      0004B2 06                    1157 	.db #0x06	; 6
      0004B3 06                    1158 	.db #0x06	; 6
      0004B4 02                    1159 	.db #0x02	; 2
      0004B5 02                    1160 	.db #0x02	; 2
      0004B6 02                    1161 	.db #0x02	; 2
      0004B7 05                    1162 	.db #0x05	; 5
      0004B8 05                    1163 	.db #0x05	; 5
      0004B9 05                    1164 	.db #0x05	; 5
      0004BA 01                    1165 	.db #0x01	; 1
      0004BB 01                    1166 	.db #0x01	; 1
      0004BC 01                    1167 	.db #0x01	; 1
      0004BD 03                    1168 	.db #0x03	; 3
      0004BE 03                    1169 	.db #0x03	; 3
      0004BF 03                    1170 	.db #0x03	; 3
      0004C0 07                    1171 	.db #0x07	; 7
      0004C1 07                    1172 	.db #0x07	; 7
      0004C2 04                    1173 	.db #0x04	; 4
      0004C3 04                    1174 	.db #0x04	; 4
      0004C4 04                    1175 	.db #0x04	; 4
      0004C5 06                    1176 	.db #0x06	; 6
      0004C6 06                    1177 	.db #0x06	; 6
      0004C7 06                    1178 	.db #0x06	; 6
      0004C8 02                    1179 	.db #0x02	; 2
      0004C9 02                    1180 	.db #0x02	; 2
      0004CA 02                    1181 	.db #0x02	; 2
      0004CB 05                    1182 	.db #0x05	; 5
      0004CC 05                    1183 	.db #0x05	; 5
      0004CD 05                    1184 	.db #0x05	; 5
      0004CE 01                    1185 	.db #0x01	; 1
      0004CF 01                    1186 	.db #0x01	; 1
      0004D0 01                    1187 	.db #0x01	; 1
      0004D1 03                    1188 	.db #0x03	; 3
      0004D2 03                    1189 	.db #0x03	; 3
      0004D3 03                    1190 	.db #0x03	; 3
      0004D4 07                    1191 	.db #0x07	; 7
      0004D5 07                    1192 	.db #0x07	; 7
      0004D6 04                    1193 	.db #0x04	; 4
      0004D7 04                    1194 	.db #0x04	; 4
      0004D8 04                    1195 	.db #0x04	; 4
      0004D9 06                    1196 	.db #0x06	; 6
      0004DA 06                    1197 	.db #0x06	; 6
      0004DB 06                    1198 	.db #0x06	; 6
      0004DC 02                    1199 	.db #0x02	; 2
      0004DD 02                    1200 	.db #0x02	; 2
      0004DE 02                    1201 	.db #0x02	; 2
      0004DF 05                    1202 	.db #0x05	; 5
      0004E0 05                    1203 	.db #0x05	; 5
      0004E1 05                    1204 	.db #0x05	; 5
      0004E2 01                    1205 	.db #0x01	; 1
      0004E3 01                    1206 	.db #0x01	; 1
      0004E4 01                    1207 	.db #0x01	; 1
      0004E5 03                    1208 	.db #0x03	; 3
      0004E6 03                    1209 	.db #0x03	; 3
      0004E7 03                    1210 	.db #0x03	; 3
      0004E8 07                    1211 	.db #0x07	; 7
      0004E9 07                    1212 	.db #0x07	; 7
      0004EA 04                    1213 	.db #0x04	; 4
      0004EB 04                    1214 	.db #0x04	; 4
      0004EC 04                    1215 	.db #0x04	; 4
      0004ED 06                    1216 	.db #0x06	; 6
      0004EE 06                    1217 	.db #0x06	; 6
      0004EF 06                    1218 	.db #0x06	; 6
      0004F0 02                    1219 	.db #0x02	; 2
      0004F1 02                    1220 	.db #0x02	; 2
      0004F2 02                    1221 	.db #0x02	; 2
      0004F3 05                    1222 	.db #0x05	; 5
      0004F4 05                    1223 	.db #0x05	; 5
      0004F5 05                    1224 	.db #0x05	; 5
      0004F6 01                    1225 	.db #0x01	; 1
      0004F7 01                    1226 	.db #0x01	; 1
      0004F8 01                    1227 	.db #0x01	; 1
      0004F9 03                    1228 	.db #0x03	; 3
      0004FA 03                    1229 	.db #0x03	; 3
      0004FB 03                    1230 	.db #0x03	; 3
      0004FC 07                    1231 	.db #0x07	; 7
      0004FD 07                    1232 	.db #0x07	; 7
      0004FE 04                    1233 	.db #0x04	; 4
      0004FF 04                    1234 	.db #0x04	; 4
      000500 04                    1235 	.db #0x04	; 4
      000501 06                    1236 	.db #0x06	; 6
      000502 06                    1237 	.db #0x06	; 6
      000503 06                    1238 	.db #0x06	; 6
      000504 02                    1239 	.db #0x02	; 2
      000505 02                    1240 	.db #0x02	; 2
      000506 02                    1241 	.db #0x02	; 2
      000507 05                    1242 	.db #0x05	; 5
      000508 05                    1243 	.db #0x05	; 5
      000509 05                    1244 	.db #0x05	; 5
      00050A 01                    1245 	.db #0x01	; 1
      00050B 01                    1246 	.db #0x01	; 1
      00050C 01                    1247 	.db #0x01	; 1
      00050D 03                    1248 	.db #0x03	; 3
      00050E 03                    1249 	.db #0x03	; 3
      00050F 03                    1250 	.db #0x03	; 3
      000510 07                    1251 	.db #0x07	; 7
      000511 07                    1252 	.db #0x07	; 7
      000512 04                    1253 	.db #0x04	; 4
      000513 04                    1254 	.db #0x04	; 4
      000514 04                    1255 	.db #0x04	; 4
      000515 06                    1256 	.db #0x06	; 6
      000516 06                    1257 	.db #0x06	; 6
      000517 06                    1258 	.db #0x06	; 6
      000518 02                    1259 	.db #0x02	; 2
      000519 02                    1260 	.db #0x02	; 2
      00051A 02                    1261 	.db #0x02	; 2
      00051B 05                    1262 	.db #0x05	; 5
      00051C 05                    1263 	.db #0x05	; 5
      00051D 05                    1264 	.db #0x05	; 5
      00051E 01                    1265 	.db #0x01	; 1
      00051F 01                    1266 	.db #0x01	; 1
      000520 01                    1267 	.db #0x01	; 1
      000521 03                    1268 	.db #0x03	; 3
      000522 03                    1269 	.db #0x03	; 3
      000523 03                    1270 	.db #0x03	; 3
      000524 07                    1271 	.db #0x07	; 7
      000525 07                    1272 	.db #0x07	; 7
      000526 04                    1273 	.db #0x04	; 4
      000527 04                    1274 	.db #0x04	; 4
      000528 04                    1275 	.db #0x04	; 4
      000529 06                    1276 	.db #0x06	; 6
      00052A 06                    1277 	.db #0x06	; 6
      00052B 06                    1278 	.db #0x06	; 6
      00052C 02                    1279 	.db #0x02	; 2
      00052D 02                    1280 	.db #0x02	; 2
      00052E 02                    1281 	.db #0x02	; 2
      00052F 05                    1282 	.db #0x05	; 5
      000530 05                    1283 	.db #0x05	; 5
      000531 05                    1284 	.db #0x05	; 5
      000532 01                    1285 	.db #0x01	; 1
      000533 01                    1286 	.db #0x01	; 1
      000534 01                    1287 	.db #0x01	; 1
      000535 03                    1288 	.db #0x03	; 3
      000536 03                    1289 	.db #0x03	; 3
      000537 03                    1290 	.db #0x03	; 3
      000538 07                    1291 	.db #0x07	; 7
      000539 07                    1292 	.db #0x07	; 7
      00053A 04                    1293 	.db #0x04	; 4
      00053B 04                    1294 	.db #0x04	; 4
      00053C 04                    1295 	.db #0x04	; 4
      00053D 06                    1296 	.db #0x06	; 6
      00053E 06                    1297 	.db #0x06	; 6
      00053F 06                    1298 	.db #0x06	; 6
      000540 02                    1299 	.db #0x02	; 2
      000541 02                    1300 	.db #0x02	; 2
      000542 02                    1301 	.db #0x02	; 2
      000543 05                    1302 	.db #0x05	; 5
      000544 05                    1303 	.db #0x05	; 5
      000545 05                    1304 	.db #0x05	; 5
      000546 01                    1305 	.db #0x01	; 1
      000547 01                    1306 	.db #0x01	; 1
      000548 01                    1307 	.db #0x01	; 1
      000549 03                    1308 	.db #0x03	; 3
      00054A 03                    1309 	.db #0x03	; 3
      00054B 03                    1310 	.db #0x03	; 3
      00054C 07                    1311 	.db #0x07	; 7
      00054D 07                    1312 	.db #0x07	; 7
      00054E 04                    1313 	.db #0x04	; 4
      00054F 04                    1314 	.db #0x04	; 4
      000550 04                    1315 	.db #0x04	; 4
      000551 06                    1316 	.db #0x06	; 6
      000552 06                    1317 	.db #0x06	; 6
      000553 06                    1318 	.db #0x06	; 6
      000554 02                    1319 	.db #0x02	; 2
      000555 02                    1320 	.db #0x02	; 2
      000556 02                    1321 	.db #0x02	; 2
      000557 05                    1322 	.db #0x05	; 5
      000558 05                    1323 	.db #0x05	; 5
      000559 05                    1324 	.db #0x05	; 5
      00055A 01                    1325 	.db #0x01	; 1
      00055B 01                    1326 	.db #0x01	; 1
      00055C 01                    1327 	.db #0x01	; 1
      00055D 03                    1328 	.db #0x03	; 3
      00055E 03                    1329 	.db #0x03	; 3
      00055F 03                    1330 	.db #0x03	; 3
      000560 07                    1331 	.db #0x07	; 7
      000561 07                    1332 	.db #0x07	; 7
      000562 04                    1333 	.db #0x04	; 4
      000563 04                    1334 	.db #0x04	; 4
      000564 04                    1335 	.db #0x04	; 4
      000565 06                    1336 	.db #0x06	; 6
      000566 06                    1337 	.db #0x06	; 6
      000567 06                    1338 	.db #0x06	; 6
      000568 02                    1339 	.db #0x02	; 2
      000569 02                    1340 	.db #0x02	; 2
      00056A 02                    1341 	.db #0x02	; 2
      00056B 05                    1342 	.db #0x05	; 5
      00056C 05                    1343 	.db #0x05	; 5
      00056D 05                    1344 	.db #0x05	; 5
      00056E 01                    1345 	.db #0x01	; 1
      00056F 01                    1346 	.db #0x01	; 1
      000570 01                    1347 	.db #0x01	; 1
      000571 03                    1348 	.db #0x03	; 3
      000572 03                    1349 	.db #0x03	; 3
      000573 03                    1350 	.db #0x03	; 3
      000574 07                    1351 	.db #0x07	; 7
      000575 07                    1352 	.db #0x07	; 7
      000576 04                    1353 	.db #0x04	; 4
      000577 04                    1354 	.db #0x04	; 4
      000578 04                    1355 	.db #0x04	; 4
      000579 06                    1356 	.db #0x06	; 6
      00057A 06                    1357 	.db #0x06	; 6
      00057B 06                    1358 	.db #0x06	; 6
      00057C 02                    1359 	.db #0x02	; 2
      00057D 02                    1360 	.db #0x02	; 2
      00057E 02                    1361 	.db #0x02	; 2
      00057F 05                    1362 	.db #0x05	; 5
      000580 05                    1363 	.db #0x05	; 5
      000581 05                    1364 	.db #0x05	; 5
      000582 01                    1365 	.db #0x01	; 1
      000583 01                    1366 	.db #0x01	; 1
      000584 01                    1367 	.db #0x01	; 1
      000585 03                    1368 	.db #0x03	; 3
      000586 03                    1369 	.db #0x03	; 3
      000587 03                    1370 	.db #0x03	; 3
      000588 07                    1371 	.db #0x07	; 7
      000589 07                    1372 	.db #0x07	; 7
      00058A 04                    1373 	.db #0x04	; 4
      00058B 04                    1374 	.db #0x04	; 4
      00058C 04                    1375 	.db #0x04	; 4
      00058D 06                    1376 	.db #0x06	; 6
      00058E 06                    1377 	.db #0x06	; 6
      00058F 06                    1378 	.db #0x06	; 6
      000590 02                    1379 	.db #0x02	; 2
      000591 02                    1380 	.db #0x02	; 2
      000592 02                    1381 	.db #0x02	; 2
      000593 05                    1382 	.db #0x05	; 5
      000594 05                    1383 	.db #0x05	; 5
      000595 05                    1384 	.db #0x05	; 5
      000596 01                    1385 	.db #0x01	; 1
      000597 01                    1386 	.db #0x01	; 1
      000598 01                    1387 	.db #0x01	; 1
      000599 03                    1388 	.db #0x03	; 3
      00059A 03                    1389 	.db #0x03	; 3
      00059B 03                    1390 	.db #0x03	; 3
      00059C 03                    1391 	.db #0x03	; 3
      00059D 03                    1392 	.db #0x03	; 3
      00059E 00                    1393 	.db #0x00	; 0
      00059F 00                    1394 	.db #0x00	; 0
      0005A0 00                    1395 	.db #0x00	; 0
      0005A1 05                    1396 	.db #0x05	; 5
      0005A2 05                    1397 	.db #0x05	; 5
      0005A3 05                    1398 	.db #0x05	; 5
      0005A4 00                    1399 	.db #0x00	; 0
      0005A5 00                    1400 	.db #0x00	; 0
      0005A6 00                    1401 	.db #0x00	; 0
      0005A7 06                    1402 	.db #0x06	; 6
      0005A8 06                    1403 	.db #0x06	; 6
      0005A9 06                    1404 	.db #0x06	; 6
      0005AA 00                    1405 	.db #0x00	; 0
      0005AB 00                    1406 	.db #0x00	; 0
      0005AC 00                    1407 	.db #0x00	; 0
      0005AD 07                    1408 	.db #0x07	; 7
      0005AE 07                    1409 	.db #0x07	; 7
      0005AF 07                    1410 	.db #0x07	; 7
      0005B0 03                    1411 	.db #0x03	; 3
      0005B1 03                    1412 	.db #0x03	; 3
      0005B2 03                    1413 	.db #0x03	; 3
      0005B3 03                    1414 	.db #0x03	; 3
      0005B4 00                    1415 	.db #0x00	; 0
      0005B5 00                    1416 	.db #0x00	; 0
      0005B6 00                    1417 	.db #0x00	; 0
      0005B7 00                    1418 	.db #0x00	; 0
      0005B8 05                    1419 	.db #0x05	; 5
      0005B9 05                    1420 	.db #0x05	; 5
      0005BA 05                    1421 	.db #0x05	; 5
      0005BB 05                    1422 	.db #0x05	; 5
      0005BC 00                    1423 	.db #0x00	; 0
      0005BD 00                    1424 	.db #0x00	; 0
      0005BE 00                    1425 	.db #0x00	; 0
      0005BF 00                    1426 	.db #0x00	; 0
      0005C0 00                    1427 	.db #0x00	; 0
      0005C1 00                    1428 	.db #0x00	; 0
      0005C2 00                    1429 	.db #0x00	; 0
      0005C3 00                    1430 	.db #0x00	; 0
      0005C4 03                    1431 	.db #0x03	; 3
      0005C5 03                    1432 	.db #0x03	; 3
      0005C6 03                    1433 	.db #0x03	; 3
      0005C7 03                    1434 	.db #0x03	; 3
      0005C8 00                    1435 	.db #0x00	; 0
      0005C9 00                    1436 	.db #0x00	; 0
      0005CA 00                    1437 	.db #0x00	; 0
      0005CB 00                    1438 	.db #0x00	; 0
      0005CC 05                    1439 	.db #0x05	; 5
      0005CD 05                    1440 	.db #0x05	; 5
      0005CE 05                    1441 	.db #0x05	; 5
      0005CF 05                    1442 	.db #0x05	; 5
      0005D0 00                    1443 	.db #0x00	; 0
      0005D1 00                    1444 	.db #0x00	; 0
      0005D2 00                    1445 	.db #0x00	; 0
      0005D3 00                    1446 	.db #0x00	; 0
      0005D4 00                    1447 	.db #0x00	; 0
      0005D5 00                    1448 	.db #0x00	; 0
      0005D6 00                    1449 	.db #0x00	; 0
      0005D7 00                    1450 	.db #0x00	; 0
      0005D8 03                    1451 	.db #0x03	; 3
      0005D9 03                    1452 	.db #0x03	; 3
      0005DA 03                    1453 	.db #0x03	; 3
      0005DB 03                    1454 	.db #0x03	; 3
      0005DC 00                    1455 	.db #0x00	; 0
      0005DD 00                    1456 	.db #0x00	; 0
      0005DE 00                    1457 	.db #0x00	; 0
      0005DF 00                    1458 	.db #0x00	; 0
      0005E0 05                    1459 	.db #0x05	; 5
      0005E1 05                    1460 	.db #0x05	; 5
      0005E2 05                    1461 	.db #0x05	; 5
      0005E3 05                    1462 	.db #0x05	; 5
      0005E4 00                    1463 	.db #0x00	; 0
      0005E5 00                    1464 	.db #0x00	; 0
      0005E6 00                    1465 	.db #0x00	; 0
      0005E7 00                    1466 	.db #0x00	; 0
      0005E8 00                    1467 	.db #0x00	; 0
      0005E9 00                    1468 	.db #0x00	; 0
      0005EA 00                    1469 	.db #0x00	; 0
      0005EB 00                    1470 	.db #0x00	; 0
                                   1471 	.area _CODE
                                   1472 	.area _CABS (ABS)
